<?xml version="1.0" encoding="utf-8"?>
<CatapultTargetOutput
  GeneratedTarget="/Output/daanu/User Guide/User Guide.pdf"
  BuildVersion="16.2.7685.28170">
  <Files>
    <Url
      Source="Output/daanu/Temporary/User Guide/User Guide_4655C125/Resources/Images/Assets/community/calendar.jpg" />
    <Url
      Source="Output/daanu/Temporary/User Guide/User Guide_4655C125/Resources/Images/Assets/community/floor0.jpg" />
    <Url
      Source="Output/daanu/Temporary/User Guide/User Guide_4655C125/Resources/Images/Assets/company'slogo/dredar-whiteback.png" />
    <Url
      Source="Output/daanu/Temporary/User Guide/User Guide_4655C125/Resources/Images/Assets/company'slogo/Meetcontent-whitebackg.png" />
    <Url
      Source="Output/daanu/Temporary/User Guide/User Guide_4655C125/Resources/Images/Assets/community/soap.jpg" />
    <Url
      Source="Output/daanu/Temporary/User Guide/User Guide_4655C125/Resources/Images/Assets/community/job.jpg" />
    <Url
      Source="Output/daanu/Temporary/User Guide/User Guide_4655C125/Resources/Images/Assets/community/itcqf.png" />
    <Url
      Source="Output/daanu/Temporary/User Guide/User Guide_4655C125/Resources/Images/Assets/company'slogo/atlassian.jpg" />
    <Url
      Source="Output/daanu/Temporary/User Guide/User Guide_4655C125/Resources/Images/Assets/company'slogo/tw-codes.jpg" />
    <Url
      Source="Output/daanu/Temporary/User Guide/User Guide_4655C125/Resources/Images/Assets/company'slogo/itcqf-whiteback.png" />
    <Url
      Source="Output/daanu/Temporary/User Guide/User Guide_4655C125/Resources/Images/Assets/community/pracujpl.jpg" />
    <Url
      Source="Output/daanu/Temporary/User Guide/User Guide_4655C125/Resources/Images/Assets/Icons/SocialMedia/FB-white.png" />
    <Url
      Source="Output/daanu/Temporary/User Guide/User Guide_4655C125/Resources/Images/Assets/company'slogo/oxygen-whiteback.png" />
    <Url
      Source="Output/daanu/Temporary/User Guide/User Guide_4655C125/Resources/Images/Assets/community/Gdansk.jpg" />
    <Url
      Source="Output/daanu/User Guide/User Guide.pdf" />
    <Url
      Source="Output/daanu/Temporary/User Guide/User Guide_4655C125/Resources/Images/Assets/Icons/Arrows/arrow-right-gray.png" />
    <Url
      Source="Output/daanu/Temporary/User Guide/User Guide_4655C125/Resources/Images/Assets/community/header_unsplash_2.jpg" />
    <Url
      Source="Output/daanu/Temporary/User Guide/User Guide_4655C125/Resources/Images/Assets/community/linkedin.jpg" />
    <Url
      Source="Output/daanu/Temporary/User Guide/User Guide_4655C125/Resources/Images/Assets/company'slogo/techwriterpl.jpg" />
    <Url
      Source="Output/daanu/Temporary/User Guide/User Guide_4655C125/Resources/Images/Assets/community/floor3.jpg" />
    <Url
      Source="Output/daanu/Temporary/User Guide/User Guide_4655C125/Resources/Images/Assets/company'slogo/wtd.jpg" />
    <Url
      Source="Output/daanu/Temporary/User Guide/User Guide_4655C125/Resources/Images/Assets/company'slogo/techsmith.png" />
    <Url
      Source="Output/daanu/Temporary/User Guide/User Guide_4655C125/Resources/Images/Assets/company'slogo/techwriterpl-whiteback.png" />
    <Url
      Source="Output/daanu/Temporary/User Guide/User Guide_4655C125/Resources/Images/Assets/company'slogo/memoq.png" />
    <Url
      Source="Output/daanu/Temporary/User Guide/User Guide_4655C125/Resources/Images/Assets/community/floor1.jpg" />
    <Url
      Source="Output/daanu/Temporary/User Guide/User Guide_4655C125/Resources/Images/Assets/community/FAQ.jpg" />
    <Url
      Source="Output/daanu/Temporary/User Guide/User Guide_4655C125/Resources/Images/Assets/community/stages.jpg" />
    <Url
      Source="Output/daanu/Temporary/User Guide/User Guide_4655C125/Resources/Images/Assets/community/floor2.jpg" />
    <Url
      Source="Output/daanu/Temporary/User Guide/User Guide_4655C125/Resources/Images/Assets/community/train.jpg" />
    <Url
      Source="Output/daanu/Temporary/User Guide/User Guide_4655C125/Resources/Images/Assets/Icons/SocialMedia/Twitter-white.png" />
    <Url
      Source="Output/daanu/Temporary/User Guide/User Guide_4655C125/Resources/Images/Assets/Icons/SocialMedia/madcap-flare.png" />
    <Url
      Source="Output/daanu/Temporary/User Guide/User Guide_4655C125/Resources/Images/Assets/community/social_blackwhite.jpg" />
    <Url
      Source="Output/daanu/Temporary/User Guide/User Guide_4655C125/Resources/Images/Assets/company'slogo/madcap.png" />
    <Url
      Source="Output/daanu/Temporary/User Guide/User Guide_4655C125/Resources/Images/Assets/company'slogo/soap.jpg" />
    <Url
      Source="Output/daanu/Temporary/User Guide/User Guide_4655C125/Resources/Images/Assets/Icons/SocialMedia/LI-white.png" />
    <Url
      Source="Output/daanu/Temporary/User Guide/User Guide_4655C125/Resources/Images/Assets/company'slogo/vistula-whiteback.png" />
    <Url
      Source="Output/daanu/Temporary/User Guide/User Guide_4655C125/Resources/Images/Assets/Icons/Arrows/arrow-down-gray.png" />
    <Url
      Source="Output/daanu/Temporary/User Guide/User Guide_4655C125/Resources/Images/Assets/company'slogo/soap-whiteback.png" />
    <Url
      Source="Output/daanu/Temporary/User Guide/User Guide_4655C125/Resources/Images/Assets/community/shutterstock_597864935.jpg" />
  </Files>
  <Skins />
</CatapultTargetOutput>